0 verbose cli /usr/bin/node /usr/lib/node_modules/npm/bin/npm-cli.js
1 info using npm@8.19.3
2 info using node@v16.19.0
3 timing npm:load:whichnode Completed in 0ms
4 timing config:load:defaults Completed in 1ms
5 timing config:load:file:/usr/lib/node_modules/npm/npmrc Completed in 0ms
6 timing config:load:builtin Completed in 1ms
7 timing config:load:cli Completed in 1ms
8 timing config:load:env Completed in 0ms
9 timing config:load:project Completed in 14ms
10 timing config:load:file:/home/cloudshell-user/.npmrc Completed in 0ms
11 timing config:load:user Completed in 0ms
12 timing config:load:file:/usr/etc/npmrc Completed in 0ms
13 timing config:load:global Completed in 0ms
14 timing config:load:validate Completed in 0ms
15 timing config:load:credentials Completed in 1ms
16 timing config:load:setEnvs Completed in 1ms
17 timing config:load Completed in 21ms
18 timing npm:load:configload Completed in 22ms
19 timing npm:load:mkdirpcache Completed in 1ms
20 timing npm:load:mkdirplogs Completed in 0ms
21 verbose title npm exec create-react-app amplifyapp
22 verbose argv "exec" "--" "create-react-app" "amplifyapp"
23 timing npm:load:setTitle Completed in 1ms
24 timing config:load:flatten Completed in 2ms
25 timing npm:load:display Completed in 3ms
26 verbose logfile logs-max:10 dir:/home/cloudshell-user/.npm/_logs
27 verbose logfile /home/cloudshell-user/.npm/_logs/2023-03-12T05_07_34_720Z-debug-0.log
28 timing npm:load:logFile Completed in 4ms
29 timing npm:load:timers Completed in 0ms
30 timing npm:load:configScope Completed in 0ms
31 timing npm:load Completed in 31ms
32 silly logfile done cleaning log files
33 timing arborist:ctor Completed in 0ms
34 http fetch GET 200 https://registry.npmjs.org/create-react-app 52ms (cache miss)
35 timing arborist:ctor Completed in 0ms
36 timing arborist:ctor Completed in 0ms
37 http fetch GET 200 https://registry.npmjs.org/npm 397ms (cache miss)
38 timing arborist:ctor Completed in 0ms
39 timing idealTree:init Completed in 2ms
40 timing idealTree:userRequests Completed in 0ms
41 silly idealTree buildDeps
42 silly fetch manifest create-react-app@5.0.1
43 http fetch GET 200 https://registry.npmjs.org/create-react-app 7ms (cache hit)
44 silly placeDep ROOT create-react-app@5.0.1 OK for:  want: 5.0.1
45 silly fetch manifest chalk@^4.1.2
46 silly fetch manifest commander@^4.1.1
47 silly fetch manifest cross-spawn@^7.0.3
48 silly fetch manifest envinfo@^7.8.1
49 silly fetch manifest fs-extra@^10.0.0
50 silly fetch manifest hyperquest@^2.1.3
51 silly fetch manifest prompts@^2.4.2
52 silly fetch manifest semver@^7.3.5
53 silly fetch manifest tar-pack@^3.4.1
54 silly fetch manifest tmp@^0.2.1
55 silly fetch manifest validate-npm-package-name@^3.0.0
56 http fetch GET 200 https://registry.npmjs.org/chalk 36ms (cache miss)
57 http fetch GET 200 https://registry.npmjs.org/commander 37ms (cache miss)
58 http fetch GET 200 https://registry.npmjs.org/hyperquest 109ms (cache miss)
59 http fetch GET 200 https://registry.npmjs.org/tar-pack 108ms (cache miss)
60 http fetch GET 200 https://registry.npmjs.org/validate-npm-package-name 109ms (cache miss)
61 http fetch GET 200 https://registry.npmjs.org/tmp 111ms (cache miss)
62 http fetch GET 200 https://registry.npmjs.org/cross-spawn 119ms (cache miss)
63 http fetch GET 200 https://registry.npmjs.org/prompts 118ms (cache miss)
64 http fetch GET 200 https://registry.npmjs.org/fs-extra 122ms (cache miss)
65 http fetch GET 200 https://registry.npmjs.org/semver 123ms (cache miss)
66 http fetch GET 200 https://registry.npmjs.org/envinfo 127ms (cache miss)
67 timing idealTree:#root Completed in 142ms
68 silly placeDep ROOT chalk@4.1.2 OK for: create-react-app@5.0.1 want: ^4.1.2
69 silly placeDep ROOT commander@4.1.1 OK for: create-react-app@5.0.1 want: ^4.1.1
70 silly placeDep ROOT cross-spawn@7.0.3 OK for: create-react-app@5.0.1 want: ^7.0.3
71 silly placeDep ROOT envinfo@7.8.1 OK for: create-react-app@5.0.1 want: ^7.8.1
72 silly placeDep ROOT fs-extra@10.1.0 OK for: create-react-app@5.0.1 want: ^10.0.0
73 silly placeDep ROOT hyperquest@2.1.3 OK for: create-react-app@5.0.1 want: ^2.1.3
74 silly placeDep ROOT prompts@2.4.2 OK for: create-react-app@5.0.1 want: ^2.4.2
75 silly placeDep ROOT semver@7.3.8 OK for: create-react-app@5.0.1 want: ^7.3.5
76 silly placeDep ROOT tar-pack@3.4.1 OK for: create-react-app@5.0.1 want: ^3.4.1
77 silly placeDep ROOT tmp@0.2.1 OK for: create-react-app@5.0.1 want: ^0.2.1
78 silly placeDep ROOT validate-npm-package-name@3.0.0 OK for: create-react-app@5.0.1 want: ^3.0.0
79 silly fetch manifest ansi-styles@^4.1.0
80 silly fetch manifest supports-color@^7.1.0
81 silly fetch manifest path-key@^3.1.0
82 silly fetch manifest shebang-command@^2.0.0
83 silly fetch manifest which@^2.0.1
84 silly fetch manifest graceful-fs@^4.2.0
85 silly fetch manifest jsonfile@^6.0.1
86 silly fetch manifest universalify@^2.0.0
87 silly fetch manifest buffer-from@^0.1.1
88 silly fetch manifest duplexer2@~0.0.2
89 silly fetch manifest through2@~0.6.3
90 silly fetch manifest kleur@^3.0.3
91 silly fetch manifest sisteransi@^1.0.5
92 silly fetch manifest lru-cache@^6.0.0
93 silly fetch manifest debug@^2.2.0
94 silly fetch manifest fstream@^1.0.10
95 silly fetch manifest fstream-ignore@^1.0.5
96 silly fetch manifest once@^1.3.3
97 silly fetch manifest readable-stream@^2.1.4
98 silly fetch manifest rimraf@^2.5.1
99 silly fetch manifest tar@^2.2.1
100 silly fetch manifest uid-number@^0.0.6
101 silly fetch manifest rimraf@^3.0.0
102 silly fetch manifest builtins@^1.0.3
103 http fetch GET 200 https://registry.npmjs.org/path-key 146ms (cache miss)
104 http fetch GET 200 https://registry.npmjs.org/duplexer2 142ms (cache miss)
105 http fetch GET 200 https://registry.npmjs.org/shebang-command 152ms (cache miss)
106 http fetch GET 200 https://registry.npmjs.org/buffer-from 149ms (cache miss)
107 http fetch GET 200 https://registry.npmjs.org/through2 148ms (cache miss)
108 http fetch GET 200 https://registry.npmjs.org/ansi-styles 199ms (cache miss)
109 http fetch GET 200 https://registry.npmjs.org/universalify 196ms (cache miss)
110 http fetch GET 200 https://registry.npmjs.org/once 186ms (cache miss)
111 http fetch GET 200 https://registry.npmjs.org/uid-number 185ms (cache miss)
112 http fetch GET 200 https://registry.npmjs.org/jsonfile 200ms (cache miss)
113 http fetch GET 200 https://registry.npmjs.org/builtins 187ms (cache miss)
114 http fetch GET 200 https://registry.npmjs.org/fstream 195ms (cache miss)
115 http fetch GET 200 https://registry.npmjs.org/sisteransi 198ms (cache miss)
116 http fetch GET 200 https://registry.npmjs.org/supports-color 207ms (cache miss)
117 http fetch GET 200 https://registry.npmjs.org/rimraf 195ms (cache miss)
118 http fetch GET 200 https://registry.npmjs.org/which 208ms (cache miss)
119 http fetch GET 200 https://registry.npmjs.org/rimraf 195ms (cache miss)
120 http fetch GET 200 https://registry.npmjs.org/kleur 216ms (cache miss)
121 http fetch GET 200 https://registry.npmjs.org/graceful-fs 223ms (cache miss)
122 http fetch GET 200 https://registry.npmjs.org/tar 211ms (cache miss)
123 http fetch GET 200 https://registry.npmjs.org/readable-stream 214ms (cache miss)
124 http fetch GET 200 https://registry.npmjs.org/debug 223ms (cache miss)
125 http fetch GET 200 https://registry.npmjs.org/lru-cache 225ms (cache miss)
126 http fetch GET 200 https://registry.npmjs.org/fstream-ignore 391ms (cache miss)
127 timing idealTree:node_modules/create-react-app Completed in 454ms
128 silly placeDep ROOT ansi-styles@4.3.0 OK for: chalk@4.1.2 want: ^4.1.0
129 silly placeDep ROOT supports-color@7.2.0 OK for: chalk@4.1.2 want: ^7.1.0
130 silly fetch manifest color-convert@^2.0.1
131 silly fetch manifest has-flag@^4.0.0
132 http fetch GET 200 https://registry.npmjs.org/color-convert 18ms (cache miss)
133 http fetch GET 200 https://registry.npmjs.org/has-flag 21ms (cache miss)
134 timing idealTree:node_modules/chalk Completed in 25ms
135 silly placeDep ROOT color-convert@2.0.1 OK for: ansi-styles@4.3.0 want: ^2.0.1
136 silly fetch manifest color-name@~1.1.4
137 http fetch GET 200 https://registry.npmjs.org/color-name 22ms (cache miss)
138 timing idealTree:node_modules/ansi-styles Completed in 25ms
139 silly placeDep ROOT color-name@1.1.4 OK for: color-convert@2.0.1 want: ~1.1.4
140 timing idealTree:node_modules/color-convert Completed in 1ms
141 timing idealTree:node_modules/color-name Completed in 0ms
142 timing idealTree:node_modules/commander Completed in 0ms
143 silly placeDep ROOT path-key@3.1.1 OK for: cross-spawn@7.0.3 want: ^3.1.0
144 silly placeDep ROOT shebang-command@2.0.0 OK for: cross-spawn@7.0.3 want: ^2.0.0
145 silly placeDep ROOT which@2.0.2 OK for: cross-spawn@7.0.3 want: ^2.0.1
146 silly fetch manifest shebang-regex@^3.0.0
147 silly fetch manifest isexe@^2.0.0
148 http fetch GET 200 https://registry.npmjs.org/shebang-regex 19ms (cache miss)
149 http fetch GET 200 https://registry.npmjs.org/isexe 27ms (cache miss)
150 timing idealTree:node_modules/cross-spawn Completed in 31ms
151 timing idealTree:node_modules/envinfo Completed in 0ms
152 silly placeDep ROOT graceful-fs@4.2.10 OK for: fs-extra@10.1.0 want: ^4.2.0
153 silly placeDep ROOT jsonfile@6.1.0 OK for: fs-extra@10.1.0 want: ^6.0.1
154 silly placeDep ROOT universalify@2.0.0 OK for: fs-extra@10.1.0 want: ^2.0.0
155 timing idealTree:node_modules/fs-extra Completed in 2ms
156 timing idealTree:node_modules/graceful-fs Completed in 0ms
157 silly placeDep ROOT buffer-from@0.1.2 OK for: hyperquest@2.1.3 want: ^0.1.1
158 silly placeDep ROOT duplexer2@0.0.2 OK for: hyperquest@2.1.3 want: ~0.0.2
159 silly placeDep ROOT through2@0.6.5 OK for: hyperquest@2.1.3 want: ~0.6.3
160 silly fetch manifest readable-stream@~1.1.9
161 silly fetch manifest readable-stream@>=1.0.33-1 <1.1.0-0
162 silly fetch manifest xtend@>=4.0.0 <4.1.0-0
163 http fetch GET 200 https://registry.npmjs.org/xtend 27ms (cache miss)
164 timing idealTree:node_modules/hyperquest Completed in 32ms
165 timing idealTree:node_modules/buffer-from Completed in 0ms
166 silly placeDep ROOT readable-stream@1.1.14 OK for: duplexer2@0.0.2 want: ~1.1.9
167 silly fetch manifest core-util-is@~1.0.0
168 silly fetch manifest isarray@0.0.1
169 silly fetch manifest string_decoder@~0.10.x
170 silly fetch manifest inherits@~2.0.1
171 http fetch GET 200 https://registry.npmjs.org/core-util-is 23ms (cache miss)
172 http fetch GET 200 https://registry.npmjs.org/isarray 34ms (cache miss)
173 http fetch GET 200 https://registry.npmjs.org/inherits 33ms (cache miss)
174 http fetch GET 200 https://registry.npmjs.org/string_decoder 35ms (cache miss)
175 timing idealTree:node_modules/duplexer2 Completed in 38ms
176 timing idealTree:node_modules/jsonfile Completed in 0ms
177 timing idealTree:node_modules/path-key Completed in 0ms
178 silly placeDep ROOT kleur@3.0.3 OK for: prompts@2.4.2 want: ^3.0.3
179 silly placeDep ROOT sisteransi@1.0.5 OK for: prompts@2.4.2 want: ^1.0.5
180 timing idealTree:node_modules/prompts Completed in 3ms
181 timing idealTree:node_modules/kleur Completed in 0ms
182 silly placeDep ROOT core-util-is@1.0.3 OK for: readable-stream@1.1.14 want: ~1.0.0
183 silly placeDep ROOT inherits@2.0.4 OK for: readable-stream@1.1.14 want: ~2.0.1
184 silly placeDep ROOT isarray@0.0.1 OK for: readable-stream@1.1.14 want: 0.0.1
185 silly placeDep ROOT string_decoder@0.10.31 OK for: readable-stream@1.1.14 want: ~0.10.x
186 timing idealTree:node_modules/readable-stream Completed in 3ms
187 timing idealTree:node_modules/core-util-is Completed in 0ms
188 timing idealTree:node_modules/inherits Completed in 0ms
189 timing idealTree:node_modules/isarray Completed in 0ms
190 silly placeDep ROOT lru-cache@6.0.0 OK for: semver@7.3.8 want: ^6.0.0
191 silly fetch manifest yallist@^4.0.0
192 http fetch GET 200 https://registry.npmjs.org/yallist 18ms (cache miss)
193 timing idealTree:node_modules/semver Completed in 19ms
194 silly placeDep ROOT yallist@4.0.0 OK for: lru-cache@6.0.0 want: ^4.0.0
195 timing idealTree:node_modules/lru-cache Completed in 1ms
196 silly placeDep ROOT shebang-regex@3.0.0 OK for: shebang-command@2.0.0 want: ^3.0.0
197 timing idealTree:node_modules/shebang-command Completed in 1ms
198 timing idealTree:node_modules/shebang-regex Completed in 0ms
199 timing idealTree:node_modules/sisteransi Completed in 0ms
200 timing idealTree:node_modules/string_decoder Completed in 0ms
201 silly placeDep ROOT has-flag@4.0.0 OK for: supports-color@7.2.0 want: ^4.0.0
202 timing idealTree:node_modules/supports-color Completed in 1ms
203 timing idealTree:node_modules/has-flag Completed in 0ms
204 silly placeDep ROOT debug@2.6.9 OK for: tar-pack@3.4.1 want: ^2.2.0
205 silly placeDep ROOT fstream@1.0.12 OK for: tar-pack@3.4.1 want: ^1.0.10
206 silly placeDep ROOT fstream-ignore@1.0.5 OK for: tar-pack@3.4.1 want: ^1.0.5
207 silly placeDep ROOT once@1.4.0 OK for: tar-pack@3.4.1 want: ^1.3.3
208 silly placeDep node_modules/tar-pack readable-stream@2.3.8 OK for: tar-pack@3.4.1 want: ^2.1.4
209 silly placeDep ROOT rimraf@2.7.1 OK for: tar-pack@3.4.1 want: ^2.5.1
210 silly placeDep ROOT tar@2.2.2 OK for: tar-pack@3.4.1 want: ^2.2.1
211 silly placeDep ROOT uid-number@0.0.6 OK for: tar-pack@3.4.1 want: ^0.0.6
212 silly fetch manifest ms@2.0.0
213 silly fetch manifest mkdirp@>=0.5 0
214 silly fetch manifest minimatch@^3.0.0
215 silly fetch manifest wrappy@1
216 silly fetch manifest isarray@~1.0.0
217 silly fetch manifest process-nextick-args@~2.0.0
218 silly fetch manifest safe-buffer@~5.1.1
219 silly fetch manifest string_decoder@~1.1.1
220 silly fetch manifest util-deprecate@~1.0.1
221 silly fetch manifest glob@^7.1.3
222 silly fetch manifest block-stream@*
223 http fetch GET 200 https://registry.npmjs.org/util-deprecate 93ms (cache miss)
224 http fetch GET 200 https://registry.npmjs.org/ms 97ms (cache miss)
225 http fetch GET 200 https://registry.npmjs.org/wrappy 95ms (cache miss)
226 http fetch GET 200 https://registry.npmjs.org/block-stream 94ms (cache miss)
227 http fetch GET 200 https://registry.npmjs.org/process-nextick-args 97ms (cache miss)
228 http fetch GET 200 https://registry.npmjs.org/mkdirp 99ms (cache miss)
229 http fetch GET 200 https://registry.npmjs.org/safe-buffer 98ms (cache miss)
230 http fetch GET 200 https://registry.npmjs.org/glob 98ms (cache miss)
231 http fetch GET 200 https://registry.npmjs.org/minimatch 106ms (cache miss)
232 timing idealTree:node_modules/tar-pack Completed in 132ms
233 silly placeDep ROOT ms@2.0.0 OK for: debug@2.6.9 want: 2.0.0
234 timing idealTree:node_modules/debug Completed in 2ms
235 silly placeDep ROOT mkdirp@0.5.6 OK for: fstream@1.0.12 want: >=0.5 0
236 silly fetch manifest minimist@^1.2.6
237 http fetch GET 200 https://registry.npmjs.org/minimist 19ms (cache miss)
238 timing idealTree:node_modules/fstream Completed in 22ms
239 silly placeDep ROOT minimatch@3.1.2 OK for: fstream-ignore@1.0.5 want: ^3.0.0
240 silly fetch manifest brace-expansion@^1.1.7
241 http fetch GET 200 https://registry.npmjs.org/brace-expansion 19ms (cache miss)
242 timing idealTree:node_modules/fstream-ignore Completed in 20ms
243 silly placeDep ROOT brace-expansion@1.1.11 OK for: minimatch@3.1.2 want: ^1.1.7
244 silly fetch manifest balanced-match@^1.0.0
245 silly fetch manifest concat-map@0.0.1
246 http fetch GET 200 https://registry.npmjs.org/balanced-match 21ms (cache miss)
247 http fetch GET 200 https://registry.npmjs.org/concat-map 21ms (cache miss)
248 timing idealTree:node_modules/minimatch Completed in 23ms
249 silly placeDep ROOT balanced-match@1.0.2 OK for: brace-expansion@1.1.11 want: ^1.0.0
250 silly placeDep ROOT concat-map@0.0.1 OK for: brace-expansion@1.1.11 want: 0.0.1
251 timing idealTree:node_modules/brace-expansion Completed in 1ms
252 timing idealTree:node_modules/balanced-match Completed in 0ms
253 timing idealTree:node_modules/concat-map Completed in 0ms
254 silly placeDep ROOT minimist@1.2.8 OK for: mkdirp@0.5.6 want: ^1.2.6
255 timing idealTree:node_modules/mkdirp Completed in 1ms
256 timing idealTree:node_modules/minimist Completed in 0ms
257 timing idealTree:node_modules/ms Completed in 0ms
258 silly placeDep ROOT wrappy@1.0.2 OK for: once@1.4.0 want: 1
259 timing idealTree:node_modules/once Completed in 1ms
260 silly placeDep ROOT glob@7.2.3 OK for: rimraf@2.7.1 want: ^7.1.3
261 silly fetch manifest fs.realpath@^1.0.0
262 silly fetch manifest inflight@^1.0.4
263 silly fetch manifest path-is-absolute@^1.0.0
264 http fetch GET 200 https://registry.npmjs.org/path-is-absolute 18ms (cache miss)
265 http fetch GET 200 https://registry.npmjs.org/fs.realpath 23ms (cache miss)
266 http fetch GET 200 https://registry.npmjs.org/inflight 22ms (cache miss)
267 timing idealTree:node_modules/rimraf Completed in 26ms
268 silly placeDep ROOT fs.realpath@1.0.0 OK for: glob@7.2.3 want: ^1.0.0
269 silly placeDep ROOT inflight@1.0.6 OK for: glob@7.2.3 want: ^1.0.4
270 silly placeDep ROOT path-is-absolute@1.0.1 OK for: glob@7.2.3 want: ^1.0.0
271 timing idealTree:node_modules/glob Completed in 2ms
272 timing idealTree:node_modules/fs.realpath Completed in 0ms
273 timing idealTree:node_modules/inflight Completed in 0ms
274 timing idealTree:node_modules/path-is-absolute Completed in 0ms
275 silly placeDep ROOT block-stream@0.0.9 OK for: tar@2.2.2 want: *
276 timing idealTree:node_modules/tar Completed in 1ms
277 timing idealTree:node_modules/block-stream Completed in 0ms
278 silly placeDep node_modules/through2 readable-stream@1.0.34 OK for: through2@0.6.5 want: >=1.0.33-1 <1.1.0-0
279 silly placeDep ROOT xtend@4.0.2 OK for: through2@0.6.5 want: >=4.0.0 <4.1.0-0
280 timing idealTree:node_modules/through2 Completed in 2ms
281 silly placeDep node_modules/tmp rimraf@3.0.2 OK for: tmp@0.2.1 want: ^3.0.0
282 timing idealTree:node_modules/tmp Completed in 1ms
283 timing idealTree:node_modules/uid-number Completed in 0ms
284 timing idealTree:node_modules/universalify Completed in 0ms
285 silly placeDep ROOT builtins@1.0.3 OK for: validate-npm-package-name@3.0.0 want: ^1.0.3
286 timing idealTree:node_modules/validate-npm-package-name Completed in 1ms
287 timing idealTree:node_modules/builtins Completed in 0ms
288 silly placeDep ROOT isexe@2.0.0 OK for: which@2.0.2 want: ^2.0.0
289 timing idealTree:node_modules/which Completed in 3ms
290 timing idealTree:node_modules/isexe Completed in 0ms
291 timing idealTree:node_modules/wrappy Completed in 0ms
292 timing idealTree:node_modules/xtend Completed in 0ms
293 timing idealTree:node_modules/yallist Completed in 0ms
294 silly placeDep node_modules/tar-pack isarray@1.0.0 OK for: readable-stream@2.3.8 want: ~1.0.0
295 silly placeDep ROOT process-nextick-args@2.0.1 OK for: readable-stream@2.3.8 want: ~2.0.0
296 silly placeDep ROOT safe-buffer@5.1.2 OK for: readable-stream@2.3.8 want: ~5.1.1
297 silly placeDep node_modules/tar-pack string_decoder@1.1.1 OK for: readable-stream@2.3.8 want: ~1.1.1
298 silly placeDep ROOT util-deprecate@1.0.2 OK for: readable-stream@2.3.8 want: ~1.0.1
299 timing idealTree:node_modules/tar-pack/node_modules/readable-stream Completed in 4ms
300 timing idealTree:node_modules/process-nextick-args Completed in 0ms
301 timing idealTree:node_modules/safe-buffer Completed in 0ms
302 timing idealTree:node_modules/util-deprecate Completed in 0ms
303 timing idealTree:node_modules/tar-pack/node_modules/isarray Completed in 0ms
304 timing idealTree:node_modules/tar-pack/node_modules/string_decoder Completed in 0ms
305 timing idealTree:node_modules/through2/node_modules/readable-stream Completed in 0ms
306 timing idealTree:node_modules/tmp/node_modules/rimraf Completed in 0ms
307 timing idealTree:buildDeps Completed in 1026ms
308 timing idealTree:fixDepFlags Completed in 0ms
309 timing idealTree Completed in 1031ms
310 timing reify:loadTrees Completed in 1031ms
311 timing reify:diffTrees Completed in 3ms
312 silly reify moves {}
313 timing reify:retireShallow Completed in 1ms
314 timing reify:createSparse Completed in 10ms
315 timing reify:loadBundles Completed in 0ms
316 silly audit bulk request {
316 silly audit   'create-react-app': [ '5.0.1' ],
316 silly audit   chalk: [ '4.1.2' ],
316 silly audit   commander: [ '4.1.1' ],
316 silly audit   'cross-spawn': [ '7.0.3' ],
316 silly audit   envinfo: [ '7.8.1' ],
316 silly audit   'fs-extra': [ '10.1.0' ],
316 silly audit   hyperquest: [ '2.1.3' ],
316 silly audit   prompts: [ '2.4.2' ],
316 silly audit   semver: [ '7.3.8' ],
316 silly audit   'tar-pack': [ '3.4.1' ],
316 silly audit   tmp: [ '0.2.1' ],
316 silly audit   'validate-npm-package-name': [ '3.0.0' ],
316 silly audit   'ansi-styles': [ '4.3.0' ],
316 silly audit   'supports-color': [ '7.2.0' ],
316 silly audit   'color-convert': [ '2.0.1' ],
316 silly audit   'color-name': [ '1.1.4' ],
316 silly audit   'path-key': [ '3.1.1' ],
316 silly audit   'shebang-command': [ '2.0.0' ],
316 silly audit   which: [ '2.0.2' ],
316 silly audit   'graceful-fs': [ '4.2.10' ],
316 silly audit   jsonfile: [ '6.1.0' ],
316 silly audit   universalify: [ '2.0.0' ],
316 silly audit   'buffer-from': [ '0.1.2' ],
316 silly audit   duplexer2: [ '0.0.2' ],
316 silly audit   through2: [ '0.6.5' ],
316 silly audit   'readable-stream': [ '1.1.14', '2.3.8', '1.0.34' ],
316 silly audit   kleur: [ '3.0.3' ],
316 silly audit   sisteransi: [ '1.0.5' ],
316 silly audit   'core-util-is': [ '1.0.3' ],
316 silly audit   inherits: [ '2.0.4' ],
316 silly audit   isarray: [ '0.0.1', '1.0.0' ],
316 silly audit   string_decoder: [ '0.10.31', '1.1.1' ],
316 silly audit   'lru-cache': [ '6.0.0' ],
316 silly audit   yallist: [ '4.0.0' ],
316 silly audit   'shebang-regex': [ '3.0.0' ],
316 silly audit   'has-flag': [ '4.0.0' ],
316 silly audit   debug: [ '2.6.9' ],
316 silly audit   fstream: [ '1.0.12' ],
316 silly audit   'fstream-ignore': [ '1.0.5' ],
316 silly audit   once: [ '1.4.0' ],
316 silly audit   rimraf: [ '2.7.1', '3.0.2' ],
316 silly audit   tar: [ '2.2.2' ],
316 silly audit   'uid-number': [ '0.0.6' ],
316 silly audit   ms: [ '2.0.0' ],
316 silly audit   mkdirp: [ '0.5.6' ],
316 silly audit   minimatch: [ '3.1.2' ],
316 silly audit   'brace-expansion': [ '1.1.11' ],
316 silly audit   'balanced-match': [ '1.0.2' ],
316 silly audit   'concat-map': [ '0.0.1' ],
316 silly audit   minimist: [ '1.2.8' ],
316 silly audit   wrappy: [ '1.0.2' ],
316 silly audit   glob: [ '7.2.3' ],
316 silly audit   'fs.realpath': [ '1.0.0' ],
316 silly audit   inflight: [ '1.0.6' ],
316 silly audit   'path-is-absolute': [ '1.0.1' ],
316 silly audit   'block-stream': [ '0.0.9' ],
316 silly audit   xtend: [ '4.0.2' ],
316 silly audit   builtins: [ '1.0.3' ],
316 silly audit   isexe: [ '2.0.0' ],
316 silly audit   'process-nextick-args': [ '2.0.1' ],
316 silly audit   'safe-buffer': [ '5.1.2' ],
316 silly audit   'util-deprecate': [ '1.0.2' ]
316 silly audit }
317 silly tarball no local data for util-deprecate@https://registry.npmjs.org/util-deprecate/-/util-deprecate-1.0.2.tgz. Extracting by manifest.
318 silly tarball no local data for safe-buffer@https://registry.npmjs.org/safe-buffer/-/safe-buffer-5.1.2.tgz. Extracting by manifest.
319 silly tarball no local data for process-nextick-args@https://registry.npmjs.org/process-nextick-args/-/process-nextick-args-2.0.1.tgz. Extracting by manifest.
320 silly tarball no local data for isexe@https://registry.npmjs.org/isexe/-/isexe-2.0.0.tgz. Extracting by manifest.
321 silly tarball no local data for builtins@https://registry.npmjs.org/builtins/-/builtins-1.0.3.tgz. Extracting by manifest.
322 silly tarball no local data for xtend@https://registry.npmjs.org/xtend/-/xtend-4.0.2.tgz. Extracting by manifest.
323 silly tarball no local data for block-stream@https://registry.npmjs.org/block-stream/-/block-stream-0.0.9.tgz. Extracting by manifest.
324 silly tarball no local data for path-is-absolute@https://registry.npmjs.org/path-is-absolute/-/path-is-absolute-1.0.1.tgz. Extracting by manifest.
325 silly tarball no local data for inflight@https://registry.npmjs.org/inflight/-/inflight-1.0.6.tgz. Extracting by manifest.
326 silly tarball no local data for fs.realpath@https://registry.npmjs.org/fs.realpath/-/fs.realpath-1.0.0.tgz. Extracting by manifest.
327 silly tarball no local data for glob@https://registry.npmjs.org/glob/-/glob-7.2.3.tgz. Extracting by manifest.
328 silly tarball no local data for wrappy@https://registry.npmjs.org/wrappy/-/wrappy-1.0.2.tgz. Extracting by manifest.
329 silly tarball no local data for minimist@https://registry.npmjs.org/minimist/-/minimist-1.2.8.tgz. Extracting by manifest.
330 silly tarball no local data for concat-map@https://registry.npmjs.org/concat-map/-/concat-map-0.0.1.tgz. Extracting by manifest.
331 silly tarball no local data for balanced-match@https://registry.npmjs.org/balanced-match/-/balanced-match-1.0.2.tgz. Extracting by manifest.
332 silly tarball no local data for brace-expansion@https://registry.npmjs.org/brace-expansion/-/brace-expansion-1.1.11.tgz. Extracting by manifest.
333 silly tarball no local data for minimatch@https://registry.npmjs.org/minimatch/-/minimatch-3.1.2.tgz. Extracting by manifest.
334 silly tarball no local data for mkdirp@https://registry.npmjs.org/mkdirp/-/mkdirp-0.5.6.tgz. Extracting by manifest.
335 silly tarball no local data for ms@https://registry.npmjs.org/ms/-/ms-2.0.0.tgz. Extracting by manifest.
336 silly tarball no local data for uid-number@https://registry.npmjs.org/uid-number/-/uid-number-0.0.6.tgz. Extracting by manifest.
337 silly tarball no local data for tar@https://registry.npmjs.org/tar/-/tar-2.2.2.tgz. Extracting by manifest.
338 silly tarball no local data for rimraf@https://registry.npmjs.org/rimraf/-/rimraf-2.7.1.tgz. Extracting by manifest.
339 silly tarball no local data for once@https://registry.npmjs.org/once/-/once-1.4.0.tgz. Extracting by manifest.
340 silly tarball no local data for fstream-ignore@https://registry.npmjs.org/fstream-ignore/-/fstream-ignore-1.0.5.tgz. Extracting by manifest.
341 silly tarball no local data for fstream@https://registry.npmjs.org/fstream/-/fstream-1.0.12.tgz. Extracting by manifest.
342 silly tarball no local data for debug@https://registry.npmjs.org/debug/-/debug-2.6.9.tgz. Extracting by manifest.
343 silly tarball no local data for has-flag@https://registry.npmjs.org/has-flag/-/has-flag-4.0.0.tgz. Extracting by manifest.
344 silly tarball no local data for shebang-regex@https://registry.npmjs.org/shebang-regex/-/shebang-regex-3.0.0.tgz. Extracting by manifest.
345 silly tarball no local data for yallist@https://registry.npmjs.org/yallist/-/yallist-4.0.0.tgz. Extracting by manifest.
346 silly tarball no local data for lru-cache@https://registry.npmjs.org/lru-cache/-/lru-cache-6.0.0.tgz. Extracting by manifest.
347 silly tarball no local data for string_decoder@https://registry.npmjs.org/string_decoder/-/string_decoder-0.10.31.tgz. Extracting by manifest.
348 silly tarball no local data for isarray@https://registry.npmjs.org/isarray/-/isarray-0.0.1.tgz. Extracting by manifest.
349 silly tarball no local data for inherits@https://registry.npmjs.org/inherits/-/inherits-2.0.4.tgz. Extracting by manifest.
350 silly tarball no local data for core-util-is@https://registry.npmjs.org/core-util-is/-/core-util-is-1.0.3.tgz. Extracting by manifest.
351 silly tarball no local data for sisteransi@https://registry.npmjs.org/sisteransi/-/sisteransi-1.0.5.tgz. Extracting by manifest.
352 silly tarball no local data for kleur@https://registry.npmjs.org/kleur/-/kleur-3.0.3.tgz. Extracting by manifest.
353 silly tarball no local data for readable-stream@https://registry.npmjs.org/readable-stream/-/readable-stream-1.1.14.tgz. Extracting by manifest.
354 silly tarball no local data for through2@https://registry.npmjs.org/through2/-/through2-0.6.5.tgz. Extracting by manifest.
355 silly tarball no local data for duplexer2@https://registry.npmjs.org/duplexer2/-/duplexer2-0.0.2.tgz. Extracting by manifest.
356 silly tarball no local data for buffer-from@https://registry.npmjs.org/buffer-from/-/buffer-from-0.1.2.tgz. Extracting by manifest.
357 silly tarball no local data for universalify@https://registry.npmjs.org/universalify/-/universalify-2.0.0.tgz. Extracting by manifest.
358 silly tarball no local data for jsonfile@https://registry.npmjs.org/jsonfile/-/jsonfile-6.1.0.tgz. Extracting by manifest.
359 silly tarball no local data for graceful-fs@https://registry.npmjs.org/graceful-fs/-/graceful-fs-4.2.10.tgz. Extracting by manifest.
360 silly tarball no local data for which@https://registry.npmjs.org/which/-/which-2.0.2.tgz. Extracting by manifest.
361 silly tarball no local data for shebang-command@https://registry.npmjs.org/shebang-command/-/shebang-command-2.0.0.tgz. Extracting by manifest.
362 silly tarball no local data for path-key@https://registry.npmjs.org/path-key/-/path-key-3.1.1.tgz. Extracting by manifest.
363 silly tarball no local data for color-name@https://registry.npmjs.org/color-name/-/color-name-1.1.4.tgz. Extracting by manifest.
364 silly tarball no local data for color-convert@https://registry.npmjs.org/color-convert/-/color-convert-2.0.1.tgz. Extracting by manifest.
365 silly tarball no local data for supports-color@https://registry.npmjs.org/supports-color/-/supports-color-7.2.0.tgz. Extracting by manifest.
366 silly tarball no local data for ansi-styles@https://registry.npmjs.org/ansi-styles/-/ansi-styles-4.3.0.tgz. Extracting by manifest.
367 silly tarball no local data for validate-npm-package-name@https://registry.npmjs.org/validate-npm-package-name/-/validate-npm-package-name-3.0.0.tgz. Extracting by manifest.
368 silly tarball no local data for tmp@https://registry.npmjs.org/tmp/-/tmp-0.2.1.tgz. Extracting by manifest.
369 silly tarball no local data for tar-pack@https://registry.npmjs.org/tar-pack/-/tar-pack-3.4.1.tgz. Extracting by manifest.
370 silly tarball no local data for semver@https://registry.npmjs.org/semver/-/semver-7.3.8.tgz. Extracting by manifest.
371 silly tarball no local data for prompts@https://registry.npmjs.org/prompts/-/prompts-2.4.2.tgz. Extracting by manifest.
372 silly tarball no local data for hyperquest@https://registry.npmjs.org/hyperquest/-/hyperquest-2.1.3.tgz. Extracting by manifest.
373 silly tarball no local data for fs-extra@https://registry.npmjs.org/fs-extra/-/fs-extra-10.1.0.tgz. Extracting by manifest.
374 silly tarball no local data for envinfo@https://registry.npmjs.org/envinfo/-/envinfo-7.8.1.tgz. Extracting by manifest.
375 silly tarball no local data for cross-spawn@https://registry.npmjs.org/cross-spawn/-/cross-spawn-7.0.3.tgz. Extracting by manifest.
376 silly tarball no local data for commander@https://registry.npmjs.org/commander/-/commander-4.1.1.tgz. Extracting by manifest.
377 silly tarball no local data for chalk@https://registry.npmjs.org/chalk/-/chalk-4.1.2.tgz. Extracting by manifest.
378 silly tarball no local data for create-react-app@https://registry.npmjs.org/create-react-app/-/create-react-app-5.0.1.tgz. Extracting by manifest.
379 silly tarball no local data for readable-stream@https://registry.npmjs.org/readable-stream/-/readable-stream-1.0.34.tgz. Extracting by manifest.
380 silly tarball no local data for rimraf@https://registry.npmjs.org/rimraf/-/rimraf-3.0.2.tgz. Extracting by manifest.
381 silly tarball no local data for string_decoder@https://registry.npmjs.org/string_decoder/-/string_decoder-1.1.1.tgz. Extracting by manifest.
382 silly tarball no local data for isarray@https://registry.npmjs.org/isarray/-/isarray-1.0.0.tgz. Extracting by manifest.
383 silly tarball no local data for readable-stream@https://registry.npmjs.org/readable-stream/-/readable-stream-2.3.8.tgz. Extracting by manifest.
384 http fetch POST 200 https://registry.npmjs.org/-/npm/v1/security/advisories/bulk 289ms
385 timing auditReport:getReport Completed in 292ms
386 silly audit report {
386 silly audit report   tar: [
386 silly audit report     {
386 silly audit report       id: 1089663,
386 silly audit report       url: 'https://github.com/advisories/GHSA-5955-9wpr-37jh',
386 silly audit report       title: 'Arbitrary File Creation/Overwrite on Windows via insufficient relative path sanitization',
386 silly audit report       severity: 'high',
386 silly audit report       vulnerable_versions: '<4.4.18',
386 silly audit report       cwe: [Array],
386 silly audit report       cvss: [Object]
386 silly audit report     },
386 silly audit report     {
386 silly audit report       id: 1089685,
386 silly audit report       url: 'https://github.com/advisories/GHSA-3jfq-g458-7qm9',
386 silly audit report       title: 'Arbitrary File Creation/Overwrite due to insufficient absolute path sanitization',
386 silly audit report       severity: 'high',
386 silly audit report       vulnerable_versions: '<3.2.2',
386 silly audit report       cwe: [Array],
386 silly audit report       cvss: [Object]
386 silly audit report     },
386 silly audit report     {
386 silly audit report       id: 1091314,
386 silly audit report       url: 'https://github.com/advisories/GHSA-r628-mhmh-qjhw',
386 silly audit report       title: 'Arbitrary File Creation/Overwrite via insufficient symlink protection due to directory cache poisoning',
386 silly audit report       severity: 'high',
386 silly audit report       vulnerable_versions: '<3.2.3',
386 silly audit report       cwe: [Array],
386 silly audit report       cvss: [Object]
386 silly audit report     },
386 silly audit report     {
386 silly audit report       id: 1089138,
386 silly audit report       url: 'https://github.com/advisories/GHSA-qq89-hq3f-393p',
386 silly audit report       title: 'Arbitrary File Creation/Overwrite via insufficient symlink protection due to directory cache poisoning using symbolic links',
386 silly audit report       severity: 'high',
386 silly audit report       vulnerable_versions: '<4.4.18',
386 silly audit report       cwe: [Array],
386 silly audit report       cvss: [Object]
386 silly audit report     },
386 silly audit report     {
386 silly audit report       id: 1089141,
386 silly audit report       url: 'https://github.com/advisories/GHSA-9r2w-394v-53qc',
386 silly audit report       title: 'Arbitrary File Creation/Overwrite via insufficient symlink protection due to directory cache poisoning using symbolic links',
386 silly audit report       severity: 'high',
386 silly audit report       vulnerable_versions: '<4.4.16',
386 silly audit report       cwe: [Array],
386 silly audit report       cvss: [Object]
386 silly audit report     }
386 silly audit report   ]
386 silly audit report }
387 timing metavuln:packument:tar Completed in 1ms
388 timing metavuln:cache:get:security-advisory:tar:RibLZtnhLLjYiS5hxQI8DT9Vo1bTzW3M3HZ2aGQn7qyjErvD/0AN2FB9hDNnckfYPQvObr3iiufVRSPIzrQ5og== Completed in 121ms
389 timing metavuln:load:security-advisory:tar:1089663 Completed in 7ms
390 timing metavuln:cache:get:security-advisory:tar:Oa066nJpV2ox85F6qnk1N5eWmAmoWAMU7byYhWk4oYfHYrQ8aGHfCKRikfcy0dHDcKWKiPRc7Nz7R9fxKkj0Yw== Completed in 130ms
391 timing metavuln:load:security-advisory:tar:1089685 Completed in 15ms
392 timing metavuln:cache:get:security-advisory:tar://v7gXY4srL0Vdj6ndv/W5RidNqQcJEzKPP7wzp8ldEeGt+rcrGXk7GHbv4gaxsVCuNoYWXEG3Q0o+8zvTa+bA== Completed in 145ms
393 timing metavuln:load:security-advisory:tar:1091314 Completed in 5ms
394 timing metavuln:cache:get:security-advisory:tar:Y5X7z0ak6PyHlkI3iXvnPpFnQdVDw8XuGAeHWF6K5mtXlK3noIG3FcFbsSKfyXFtaSQHOlV2Lf0M+oFoanFWvw== Completed in 150ms
395 timing metavuln:load:security-advisory:tar:1089138 Completed in 59ms
396 timing metavuln:cache:get:security-advisory:tar:EjVKBkw+Jp0A/iP0F+ZCXD19nRwyxuHwWo7umvz9JVmpKKm28CLff5JO45q5FkKVDo7P746FBgZZHOu55WvuEw== Completed in 209ms
397 timing metavuln:load:security-advisory:tar:1089141 Completed in 10ms
398 http fetch GET 200 https://registry.npmjs.org/block-stream/-/block-stream-0.0.9.tgz 1318ms (cache miss)
399 timing reifyNode:node_modules/block-stream Completed in 1364ms
400 http fetch GET 200 https://registry.npmjs.org/builtins/-/builtins-1.0.3.tgz 1324ms (cache miss)
401 timing reifyNode:node_modules/builtins Completed in 1364ms
402 http fetch GET 200 https://registry.npmjs.org/color-name/-/color-name-1.1.4.tgz 1269ms (cache miss)
403 timing reifyNode:node_modules/color-name Completed in 1364ms
404 http fetch GET 200 https://registry.npmjs.org/util-deprecate/-/util-deprecate-1.0.2.tgz 1338ms (cache miss)
405 timing reifyNode:node_modules/util-deprecate Completed in 1368ms
406 http fetch GET 200 https://registry.npmjs.org/uid-number/-/uid-number-0.0.6.tgz 1307ms (cache miss)
407 timing reifyNode:node_modules/uid-number Completed in 1368ms
408 http fetch GET 200 https://registry.npmjs.org/once/-/once-1.4.0.tgz 1306ms (cache miss)
409 timing reifyNode:node_modules/once Completed in 1369ms
410 timing metavuln:cache:put:security-advisory:tar:Oa066nJpV2ox85F6qnk1N5eWmAmoWAMU7byYhWk4oYfHYrQ8aGHfCKRikfcy0dHDcKWKiPRc7Nz7R9fxKkj0Yw== Completed in 887ms
411 timing metavuln:calculate:security-advisory:tar:1089685 Completed in 1032ms
412 timing metavuln:cache:put:security-advisory:tar:Y5X7z0ak6PyHlkI3iXvnPpFnQdVDw8XuGAeHWF6K5mtXlK3noIG3FcFbsSKfyXFtaSQHOlV2Lf0M+oFoanFWvw== Completed in 823ms
413 timing metavuln:calculate:security-advisory:tar:1089138 Completed in 1032ms
414 timing metavuln:cache:put:security-advisory:tar:EjVKBkw+Jp0A/iP0F+ZCXD19nRwyxuHwWo7umvz9JVmpKKm28CLff5JO45q5FkKVDo7P746FBgZZHOu55WvuEw== Completed in 812ms
415 timing metavuln:calculate:security-advisory:tar:1089141 Completed in 1032ms
416 http fetch GET 200 https://registry.npmjs.org/rimraf/-/rimraf-2.7.1.tgz 1309ms (cache miss)
417 timing reifyNode:node_modules/rimraf Completed in 1372ms
418 http fetch GET 200 https://registry.npmjs.org/fstream-ignore/-/fstream-ignore-1.0.5.tgz 1308ms (cache miss)
419 timing reifyNode:node_modules/fstream-ignore Completed in 1372ms
420 http fetch GET 200 https://registry.npmjs.org/balanced-match/-/balanced-match-1.0.2.tgz 1321ms (cache miss)
421 timing reifyNode:node_modules/balanced-match Completed in 1373ms
422 http fetch GET 200 https://registry.npmjs.org/kleur/-/kleur-3.0.3.tgz 1290ms (cache miss)
423 timing reifyNode:node_modules/kleur Completed in 1373ms
424 http fetch GET 200 https://registry.npmjs.org/isexe/-/isexe-2.0.0.tgz 1344ms (cache miss)
425 timing reifyNode:node_modules/isexe Completed in 1377ms
426 http fetch GET 200 https://registry.npmjs.org/xtend/-/xtend-4.0.2.tgz 1337ms (cache miss)
427 timing reifyNode:node_modules/xtend Completed in 1378ms
428 http fetch GET 200 https://registry.npmjs.org/safe-buffer/-/safe-buffer-5.1.2.tgz 1347ms (cache miss)
429 timing reifyNode:node_modules/safe-buffer Completed in 1378ms
430 http fetch GET 200 https://registry.npmjs.org/path-is-absolute/-/path-is-absolute-1.0.1.tgz 1332ms (cache miss)
431 timing reifyNode:node_modules/path-is-absolute Completed in 1378ms
432 http fetch GET 200 https://registry.npmjs.org/inflight/-/inflight-1.0.6.tgz 1331ms (cache miss)
433 timing reifyNode:node_modules/inflight Completed in 1378ms
434 http fetch GET 200 https://registry.npmjs.org/wrappy/-/wrappy-1.0.2.tgz 1329ms (cache miss)
435 timing reifyNode:node_modules/wrappy Completed in 1379ms
436 http fetch GET 200 https://registry.npmjs.org/string_decoder/-/string_decoder-0.10.31.tgz 1304ms (cache miss)
437 timing reifyNode:node_modules/string_decoder Completed in 1379ms
438 http fetch GET 200 https://registry.npmjs.org/inherits/-/inherits-2.0.4.tgz 1303ms (cache miss)
439 timing reifyNode:node_modules/inherits Completed in 1379ms
440 http fetch GET 200 https://registry.npmjs.org/which/-/which-2.0.2.tgz 1289ms (cache miss)
441 timing reifyNode:node_modules/which Completed in 1378ms
442 http fetch GET 200 https://registry.npmjs.org/process-nextick-args/-/process-nextick-args-2.0.1.tgz 1350ms (cache miss)
443 timing reifyNode:node_modules/process-nextick-args Completed in 1382ms
444 http fetch GET 200 https://registry.npmjs.org/fs.realpath/-/fs.realpath-1.0.0.tgz 1334ms (cache miss)
445 timing reifyNode:node_modules/fs.realpath Completed in 1382ms
446 http fetch GET 200 https://registry.npmjs.org/concat-map/-/concat-map-0.0.1.tgz 1331ms (cache miss)
447 timing reifyNode:node_modules/concat-map Completed in 1382ms
448 http fetch GET 200 https://registry.npmjs.org/brace-expansion/-/brace-expansion-1.1.11.tgz 1329ms (cache miss)
449 timing reifyNode:node_modules/brace-expansion Completed in 1382ms
450 http fetch GET 200 https://registry.npmjs.org/ms/-/ms-2.0.0.tgz 1322ms (cache miss)
451 timing reifyNode:node_modules/ms Completed in 1382ms
452 http fetch GET 200 https://registry.npmjs.org/sisteransi/-/sisteransi-1.0.5.tgz 1301ms (cache miss)
453 timing reifyNode:node_modules/sisteransi Completed in 1383ms
454 http fetch GET 200 https://registry.npmjs.org/jsonfile/-/jsonfile-6.1.0.tgz 1295ms (cache miss)
455 timing reifyNode:node_modules/jsonfile Completed in 1382ms
456 http fetch GET 200 https://registry.npmjs.org/shebang-command/-/shebang-command-2.0.0.tgz 1289ms (cache miss)
457 timing reifyNode:node_modules/shebang-command Completed in 1383ms
458 http fetch GET 200 https://registry.npmjs.org/color-convert/-/color-convert-2.0.1.tgz 1286ms (cache miss)
459 timing reifyNode:node_modules/color-convert Completed in 1383ms
460 http fetch GET 200 https://registry.npmjs.org/supports-color/-/supports-color-7.2.0.tgz 1285ms (cache miss)
461 timing reifyNode:node_modules/supports-color Completed in 1384ms
462 timing metavuln:cache:put:security-advisory:tar:RibLZtnhLLjYiS5hxQI8DT9Vo1bTzW3M3HZ2aGQn7qyjErvD/0AN2FB9hDNnckfYPQvObr3iiufVRSPIzrQ5og== Completed in 917ms
463 timing metavuln:calculate:security-advisory:tar:1089663 Completed in 1099ms
464 timing metavuln:cache:put:security-advisory:tar://v7gXY4srL0Vdj6ndv/W5RidNqQcJEzKPP7wzp8ldEeGt+rcrGXk7GHbv4gaxsVCuNoYWXEG3Q0o+8zvTa+bA== Completed in 895ms
465 timing metavuln:calculate:security-advisory:tar:1091314 Completed in 1045ms
466 timing metavuln:packument:tar-pack Completed in 0ms
467 http fetch GET 200 https://registry.npmjs.org/core-util-is/-/core-util-is-1.0.3.tgz 1310ms (cache miss)
468 timing reifyNode:node_modules/core-util-is Completed in 1387ms
469 http fetch GET 200 https://registry.npmjs.org/has-flag/-/has-flag-4.0.0.tgz 1316ms (cache miss)
470 timing reifyNode:node_modules/has-flag Completed in 1387ms
471 http fetch GET 200 https://registry.npmjs.org/shebang-regex/-/shebang-regex-3.0.0.tgz 1316ms (cache miss)
472 timing reifyNode:node_modules/shebang-regex Completed in 1388ms
473 http fetch GET 200 https://registry.npmjs.org/validate-npm-package-name/-/validate-npm-package-name-3.0.0.tgz 1287ms (cache miss)
474 timing reifyNode:node_modules/validate-npm-package-name Completed in 1388ms
475 http fetch GET 200 https://registry.npmjs.org/tmp/-/tmp-0.2.1.tgz 1286ms (cache miss)
476 timing reifyNode:node_modules/tmp Completed in 1388ms
477 timing metavuln:cache:get:security-advisory:tar-pack:P+Qny0HSnG2vc0wNVjQpqCVs2oUSJTdfn3QRw6Z7zbfmuHivDHBCiae0PYWARJC0EXji9ZYbb843mJk2B08Aow== Completed in 4ms
478 timing metavuln:load:security-advisory:tar-pack:RibLZtnhLLjYiS5hxQI8DT9Vo1bTzW3M3HZ2aGQn7qyjErvD/0AN2FB9hDNnckfYPQvObr3iiufVRSPIzrQ5og== Completed in 2ms
479 http fetch GET 200 https://registry.npmjs.org/glob/-/glob-7.2.3.tgz 1345ms (cache miss)
480 timing reifyNode:node_modules/glob Completed in 1394ms
481 http fetch GET 200 https://registry.npmjs.org/minimatch/-/minimatch-3.1.2.tgz 1335ms (cache miss)
482 timing reifyNode:node_modules/minimatch Completed in 1393ms
483 http fetch GET 200 https://registry.npmjs.org/mkdirp/-/mkdirp-0.5.6.tgz 1334ms (cache miss)
484 timing reifyNode:node_modules/mkdirp Completed in 1393ms
485 http fetch GET 200 https://registry.npmjs.org/lru-cache/-/lru-cache-6.0.0.tgz 1320ms (cache miss)
486 timing reifyNode:node_modules/lru-cache Completed in 1394ms
487 http fetch GET 200 https://registry.npmjs.org/path-key/-/path-key-3.1.1.tgz 1300ms (cache miss)
488 timing reifyNode:node_modules/path-key Completed in 1394ms
489 http fetch GET 200 https://registry.npmjs.org/buffer-from/-/buffer-from-0.1.2.tgz 1309ms (cache miss)
490 timing reifyNode:node_modules/buffer-from Completed in 1394ms
491 http fetch GET 200 https://registry.npmjs.org/isarray/-/isarray-1.0.0.tgz 1218ms (cache miss)
492 timing reifyNode:node_modules/tar-pack/node_modules/isarray Completed in 1396ms
493 http fetch GET 200 https://registry.npmjs.org/isarray/-/isarray-0.0.1.tgz 1327ms (cache miss)
494 timing reifyNode:node_modules/isarray Completed in 1402ms
495 http fetch GET 200 https://registry.npmjs.org/duplexer2/-/duplexer2-0.0.2.tgz 1318ms (cache miss)
496 timing reifyNode:node_modules/duplexer2 Completed in 1402ms
497 http fetch GET 200 https://registry.npmjs.org/string_decoder/-/string_decoder-1.1.1.tgz 1229ms (cache miss)
498 timing reifyNode:node_modules/tar-pack/node_modules/string_decoder Completed in 1403ms
499 http fetch GET 200 https://registry.npmjs.org/readable-stream/-/readable-stream-1.1.14.tgz 1320ms (cache miss)
500 http fetch GET 200 https://registry.npmjs.org/debug/-/debug-2.6.9.tgz 1335ms (cache miss)
501 http fetch GET 200 https://registry.npmjs.org/yallist/-/yallist-4.0.0.tgz 1332ms (cache miss)
502 timing reifyNode:node_modules/yallist Completed in 1405ms
503 http fetch GET 200 https://registry.npmjs.org/graceful-fs/-/graceful-fs-4.2.10.tgz 1316ms (cache miss)
504 timing reifyNode:node_modules/graceful-fs Completed in 1404ms
505 http fetch GET 200 https://registry.npmjs.org/through2/-/through2-0.6.5.tgz 1321ms (cache miss)
506 timing reifyNode:node_modules/through2 Completed in 1405ms
507 http fetch GET 200 https://registry.npmjs.org/tar-pack/-/tar-pack-3.4.1.tgz 1302ms (cache miss)
508 http fetch GET 200 https://registry.npmjs.org/hyperquest/-/hyperquest-2.1.3.tgz 1265ms (cache miss)
509 http fetch GET 200 https://registry.npmjs.org/universalify/-/universalify-2.0.0.tgz 1319ms (cache miss)
510 timing reifyNode:node_modules/universalify Completed in 1405ms
511 http fetch GET 200 https://registry.npmjs.org/ansi-styles/-/ansi-styles-4.3.0.tgz 1306ms (cache miss)
512 timing reifyNode:node_modules/ansi-styles Completed in 1406ms
513 http fetch GET 200 https://registry.npmjs.org/readable-stream/-/readable-stream-1.0.34.tgz 1241ms (cache miss)
514 http fetch GET 200 https://registry.npmjs.org/rimraf/-/rimraf-3.0.2.tgz 1235ms (cache miss)
515 timing reifyNode:node_modules/tmp/node_modules/rimraf Completed in 1406ms
516 timing reifyNode:node_modules/through2/node_modules/readable-stream Completed in 1409ms
517 http fetch GET 200 https://registry.npmjs.org/cross-spawn/-/cross-spawn-7.0.3.tgz 1285ms (cache miss)
518 timing reifyNode:node_modules/cross-spawn Completed in 1438ms
519 http fetch GET 200 https://registry.npmjs.org/commander/-/commander-4.1.1.tgz 1282ms (cache miss)
520 timing reifyNode:node_modules/commander Completed in 1438ms
521 http fetch GET 200 https://registry.npmjs.org/chalk/-/chalk-4.1.2.tgz 1279ms (cache miss)
522 timing reifyNode:node_modules/chalk Completed in 1438ms
523 timing reifyNode:node_modules/readable-stream Completed in 1440ms
524 timing reifyNode:node_modules/tar-pack Completed in 1439ms
525 http fetch GET 200 https://registry.npmjs.org/create-react-app/-/create-react-app-5.0.1.tgz 1278ms (cache miss)
526 timing reifyNode:node_modules/create-react-app Completed in 1440ms
527 timing reifyNode:node_modules/debug Completed in 1443ms
528 timing reifyNode:node_modules/hyperquest Completed in 1442ms
529 http fetch GET 200 https://registry.npmjs.org/envinfo/-/envinfo-7.8.1.tgz 1296ms (cache miss)
530 timing reifyNode:node_modules/envinfo Completed in 1442ms
531 http fetch GET 200 https://registry.npmjs.org/minimist/-/minimist-1.2.8.tgz 1400ms (cache miss)
532 timing reifyNode:node_modules/minimist Completed in 1453ms
533 timing metavuln:cache:put:security-advisory:tar-pack:P+Qny0HSnG2vc0wNVjQpqCVs2oUSJTdfn3QRw6Z7zbfmuHivDHBCiae0PYWARJC0EXji9ZYbb843mJk2B08Aow== Completed in 67ms
534 timing metavuln:calculate:security-advisory:tar-pack:RibLZtnhLLjYiS5hxQI8DT9Vo1bTzW3M3HZ2aGQn7qyjErvD/0AN2FB9hDNnckfYPQvObr3iiufVRSPIzrQ5og== Completed in 74ms
535 timing metavuln:packument:create-react-app Completed in 0ms
536 http fetch GET 200 https://registry.npmjs.org/fstream/-/fstream-1.0.12.tgz 1395ms (cache miss)
537 timing reifyNode:node_modules/fstream Completed in 1461ms
538 timing metavuln:cache:get:security-advisory:create-react-app:nfYIs4TFnCpL693oGAiQ3VV6XwkkIM0vloL1/BPM3l0rYt3zVH+/sfqEJmAF/QSHWmpZl3ctsKbQQOmSj3iPUQ== Completed in 1ms
539 timing metavuln:load:security-advisory:create-react-app:P+Qny0HSnG2vc0wNVjQpqCVs2oUSJTdfn3QRw6Z7zbfmuHivDHBCiae0PYWARJC0EXji9ZYbb843mJk2B08Aow== Completed in 5ms
540 http fetch GET 200 https://registry.npmjs.org/readable-stream/-/readable-stream-2.3.8.tgz 1229ms (cache miss)
541 timing reifyNode:node_modules/tar-pack/node_modules/readable-stream Completed in 1468ms
542 http fetch GET 200 https://registry.npmjs.org/fs-extra/-/fs-extra-10.1.0.tgz 1330ms (cache miss)
543 timing reifyNode:node_modules/fs-extra Completed in 1474ms
544 timing metavuln:cache:put:security-advisory:create-react-app:nfYIs4TFnCpL693oGAiQ3VV6XwkkIM0vloL1/BPM3l0rYt3zVH+/sfqEJmAF/QSHWmpZl3ctsKbQQOmSj3iPUQ== Completed in 14ms
545 timing metavuln:calculate:security-advisory:create-react-app:P+Qny0HSnG2vc0wNVjQpqCVs2oUSJTdfn3QRw6Z7zbfmuHivDHBCiae0PYWARJC0EXji9ZYbb843mJk2B08Aow== Completed in 21ms
546 timing auditReport:init Completed in 1209ms
547 timing reify:audit Completed in 1502ms
548 http fetch GET 200 https://registry.npmjs.org/semver/-/semver-7.3.8.tgz 1390ms (cache miss)
549 timing reifyNode:node_modules/semver Completed in 1498ms
550 http fetch GET 200 https://registry.npmjs.org/prompts/-/prompts-2.4.2.tgz 1393ms (cache miss)
551 timing reifyNode:node_modules/prompts Completed in 1505ms
552 http fetch GET 200 https://registry.npmjs.org/tar/-/tar-2.2.2.tgz 1496ms (cache miss)
553 warn deprecated tar@2.2.2: This version of tar is no longer supported, and will not receive security updates. Please upgrade asap.
554 timing reifyNode:node_modules/tar Completed in 1559ms
555 timing reify:unpack Completed in 1560ms
556 timing reify:unretire Completed in 0ms
557 timing build:queue Completed in 3ms
558 timing build:link:node_modules/create-react-app Completed in 3ms
559 timing build:link:node_modules/tmp/node_modules/rimraf Completed in 2ms
560 timing build:link:node_modules/envinfo Completed in 2ms
561 timing build:link:node_modules/mkdirp Completed in 2ms
562 timing build:link:node_modules/rimraf Completed in 2ms
563 timing build:link:node_modules/semver Completed in 2ms
564 timing build:link:node_modules/which Completed in 2ms
565 timing build:link Completed in 3ms
566 timing build:deps Completed in 6ms
567 timing build Completed in 7ms
568 timing reify:build Completed in 7ms
569 timing reify:trash Completed in 0ms
570 timing reify:save Completed in 14ms
571 timing reify Completed in 2654ms
572 timing command:exec Completed in 80356ms
573 notice
573 notice New [31mmajor[39m version of npm available! [31m8.19.3[39m -> [32m9.6.1[39m
573 notice Changelog: [36mhttps://github.com/npm/cli/releases/tag/v9.6.1[39m
573 notice Run [32mnpm install -g npm@9.6.1[39m to update!
573 notice
574 verbose exit 0
575 timing npm Completed in 80524ms
576 info ok
